<?xml version="1.0" encoding="UTF-8"?>
<!-- Generated by org.testng.reporters.JUnitReportReporter -->
<testsuite hostname="DESKTOP-ORN1KTG" failures="0" tests="1" name="com.testRunnersTestNG.TestNGTestRunner" time="56.043" errors="0" timestamp="2023-11-24T09:32:19 IST" skipped="0">
  <testcase classname="com.testRunnersTestNG.TestNGTestRunner" name="runScenario" time="56.043"/>
  <system-out/>
</testsuite> <!-- com.testRunnersTestNG.TestNGTestRunner -->
